0 info it worked if it ends with ok
1 verbose cli [ '/usr/local/Cellar/node/0.10.22/bin/node',
1 verbose cli   '/usr/local/bin/npm',
1 verbose cli   'install',
1 verbose cli   'lesshat' ]
2 info using npm@1.3.14
3 info using node@v0.10.22
4 warn package.json uthinx@0.0.0 No description
5 warn package.json uthinx@0.0.0 No repository field.
6 warn package.json uthinx@0.0.0 No README data
7 verbose readDependencies using package.json deps
8 verbose cache add [ 'lesshat', null ]
9 verbose cache add name=undefined spec="lesshat" args=["lesshat",null]
10 verbose parsed url { protocol: null,
10 verbose parsed url   slashes: null,
10 verbose parsed url   auth: null,
10 verbose parsed url   host: null,
10 verbose parsed url   port: null,
10 verbose parsed url   hostname: null,
10 verbose parsed url   hash: null,
10 verbose parsed url   search: null,
10 verbose parsed url   query: null,
10 verbose parsed url   pathname: 'lesshat',
10 verbose parsed url   path: 'lesshat',
10 verbose parsed url   href: 'lesshat' }
11 silly lockFile 418cde09-lesshat lesshat
12 verbose lock lesshat /Users/zolarichards/.npm/418cde09-lesshat.lock
13 silly lockFile 418cde09-lesshat lesshat
14 silly lockFile 418cde09-lesshat lesshat
15 verbose addNamed [ 'lesshat', '' ]
16 verbose addNamed [ null, '*' ]
17 silly lockFile 2da799c4-lesshat lesshat@
18 verbose lock lesshat@ /Users/zolarichards/.npm/2da799c4-lesshat.lock
19 silly addNameRange { name: 'lesshat', range: '*', hasData: false }
20 verbose url raw lesshat
21 verbose url resolving [ 'https://registry.npmjs.org/', './lesshat' ]
22 verbose url resolved https://registry.npmjs.org/lesshat
23 info trying registry request attempt 1 at 20:16:15
24 http GET https://registry.npmjs.org/lesshat
25 http 404 https://registry.npmjs.org/lesshat
26 silly registry.get cb [ 404,
26 silly registry.get   { date: 'Thu, 22 May 2014 03:16:13 GMT',
26 silly registry.get     server: 'CouchDB/1.5.0 (Erlang OTP/R16B)',
26 silly registry.get     'content-type': 'application/json',
26 silly registry.get     via: '1.1 varnish',
26 silly registry.get     'cache-control': 'max-age=0',
26 silly registry.get     'content-length': '52',
26 silly registry.get     'accept-ranges': 'bytes',
26 silly registry.get     age: '0',
26 silly registry.get     'x-served-by': 'cache-v44-ASH, cache-sv60-SJC3',
26 silly registry.get     'x-cache': 'MISS, MISS',
26 silly registry.get     'x-cache-hits': '0, 0',
26 silly registry.get     'x-timer': 'S1400728573.704080582,VS0,VS38,VE123,VE160',
26 silly registry.get     'keep-alive': 'timeout=10, max=50',
26 silly registry.get     connection: 'Keep-Alive' } ]
27 silly lockFile 2da799c4-lesshat lesshat@
28 silly lockFile 2da799c4-lesshat lesshat@
29 error 404 'lesshat' is not in the npm registry.
29 error 404 You should bug the author to publish it
29 error 404
29 error 404 Note that you can also install from a
29 error 404 tarball, folder, or http url, or git url.
30 error System Darwin 13.2.0
31 error command "/usr/local/Cellar/node/0.10.22/bin/node" "/usr/local/bin/npm" "install" "lesshat"
32 error cwd /Users/zolarichards/Dropbox/workspace/uthinx/web/uthinx
33 error node -v v0.10.22
34 error npm -v 1.3.14
35 error code E404
36 verbose exit [ 1, true ]
