2014-05-26 23:34:12.013 uthinx[16500:70b] Multi-tasking -> Device: YES, App: YES
2014-05-26 23:34:12.023 uthinx[16500:70b] Unlimited access to network resources
2014-05-26 23:34:12.042 uthinx[16500:70b] CDVPlugin class CDVFile (pluginName: file) does not exist.
2014-05-26 23:34:12.042 uthinx[16500:70b] [CDVTimer][file] 0.520051ms
2014-05-26 23:34:12.043 uthinx[16500:70b] [CDVTimer][TotalPluginStartup] 1.055002ms
2014-05-26 23:34:12.171 uthinx[16500:70b] Resetting plugins due to page load.
2014-05-26 23:34:12.226 uthinx[16500:70b] Finished load of: file:///Users/zolarichards/Library/Application%20Support/iPhone%20Simulator/7.1/Applications/D40DB9B8-E07F-4FC9-98A4-76A0AE4A5EB1/uthinx.app/www/index.html
2014-05-26 23:34:12.344 uthinx[16500:70b] CDVPlugin class CDVFile (pluginName: File) does not exist.
2014-05-26 23:34:12.344 uthinx[16500:70b] ERROR: Plugin 'File' not found, or is not a CDVPlugin. Check your plugin mapping in config.xml.
2014-05-26 23:34:12.345 uthinx[16500:70b] -[CDVCommandQueue executePending] [Line 117] FAILED pluginJSON = [
  "File168789472",
  "File",
  "requestAllPaths",
  [

  ]
]
2014-05-26 23:34:12.345 uthinx[16500:70b] CDVPlugin class CDVConnection (pluginName: NetworkStatus) does not exist.
2014-05-26 23:34:12.345 uthinx[16500:70b] ERROR: Plugin 'NetworkStatus' not found, or is not a CDVPlugin. Check your plugin mapping in config.xml.
2014-05-26 23:34:12.346 uthinx[16500:70b] -[CDVCommandQueue executePending] [Line 117] FAILED pluginJSON = [
  "NetworkStatus168789473",
  "NetworkStatus",
  "getConnectionInfo",
  [

  ]
]
2014-05-26 23:44:13.626 uthinx[17152:70b] Multi-tasking -> Device: YES, App: YES
2014-05-26 23:44:13.637 uthinx[17152:70b] Unlimited access to network resources
2014-05-26 23:44:13.775 uthinx[17152:70b] Resetting plugins due to page load.
2014-05-26 23:44:13.823 uthinx[17152:70b] Finished load of: file:///Users/zolarichards/Library/Application%20Support/iPhone%20Simulator/7.1/Applications/D40DB9B8-E07F-4FC9-98A4-76A0AE4A5EB1/uthinx.app/www/index.html
2014-05-26 23:46:47.594 uthinx[18067:70b] Multi-tasking -> Device: YES, App: YES
2014-05-26 23:46:47.604 uthinx[18067:70b] Unlimited access to network resources
2014-05-26 23:46:47.742 uthinx[18067:70b] Resetting plugins due to page load.
2014-05-26 23:46:47.806 uthinx[18067:70b] Finished load of: file:///Users/zolarichards/Library/Application%20Support/iPhone%20Simulator/7.1/Applications/D40DB9B8-E07F-4FC9-98A4-76A0AE4A5EB1/uthinx.app/www/index.html
2014-05-27 07:57:05.378 uthinx[20170:70b] Multi-tasking -> Device: YES, App: YES
2014-05-27 07:57:05.475 uthinx[20170:70b] Unlimited access to network resources
2014-05-27 07:57:06.951 uthinx[20170:70b] Resetting plugins due to page load.
2014-05-27 07:57:07.423 uthinx[20170:70b] Finished load of: file:///Users/zolarichards/Library/Application%20Support/iPhone%20Simulator/7.1/Applications/D40DB9B8-E07F-4FC9-98A4-76A0AE4A5EB1/uthinx.app/www/index.html
2014-05-27 21:32:38.336 uthinx[22926:70b] Multi-tasking -> Device: YES, App: YES
2014-05-27 21:32:38.383 uthinx[22926:70b] Unlimited access to network resources
2014-05-27 21:32:38.485 uthinx[22926:70b] [CDVTimer][file] 29.857993ms
2014-05-27 21:32:38.485 uthinx[22926:70b] [CDVTimer][TotalPluginStartup] 30.717015ms
2014-05-27 21:32:38.849 uthinx[22926:70b] Resetting plugins due to page load.
2014-05-27 21:32:39.150 uthinx[22926:70b] Finished load of: file:///Users/zolarichards/Library/Application%20Support/iPhone%20Simulator/7.1/Applications/D40DB9B8-E07F-4FC9-98A4-76A0AE4A5EB1/uthinx.app/www/index.html
2014-05-27 21:39:00.976 uthinx[24081:70b] Multi-tasking -> Device: YES, App: YES
2014-05-27 21:39:00.987 uthinx[24081:70b] Unlimited access to network resources
2014-05-27 21:39:01.008 uthinx[24081:70b] [CDVTimer][file] 1.923978ms
2014-05-27 21:39:01.008 uthinx[24081:70b] [CDVTimer][TotalPluginStartup] 2.421021ms
2014-05-27 21:39:01.105 uthinx[24081:70b] Resetting plugins due to page load.
2014-05-27 21:39:01.369 uthinx[24081:70b] Finished load of: file:///Users/zolarichards/Library/Application%20Support/iPhone%20Simulator/7.1/Applications/D40DB9B8-E07F-4FC9-98A4-76A0AE4A5EB1/uthinx.app/www/index.html
2014-05-27 21:57:51.422 uthinx[25534:70b] Multi-tasking -> Device: YES, App: YES
2014-05-27 21:57:51.433 uthinx[25534:70b] Unlimited access to network resources
2014-05-27 21:57:51.460 uthinx[25534:70b] [CDVTimer][file] 8.009017ms
2014-05-27 21:57:51.461 uthinx[25534:70b] [CDVTimer][TotalPluginStartup] 8.424997ms
2014-05-27 21:57:52.060 uthinx[25534:70b] Resetting plugins due to page load.
2014-05-27 21:57:52.587 uthinx[25534:70b] Finished load of: file:///Users/zolarichards/Library/Application%20Support/iPhone%20Simulator/7.1/Applications/D40DB9B8-E07F-4FC9-98A4-76A0AE4A5EB1/uthinx.app/www/index.html
2014-05-27 21:57:53.818 uthinx[25534:70b] THREAD WARNING: ['File'] took '51.300049' ms. Plugin should use a background thread.
2014-05-27 22:04:52.345 uthinx[26699:70b] Multi-tasking -> Device: YES, App: YES
2014-05-27 22:04:52.354 uthinx[26699:70b] Unlimited access to network resources
2014-05-27 22:04:52.377 uthinx[26699:70b] [CDVTimer][file] 1.774013ms
2014-05-27 22:04:52.377 uthinx[26699:70b] [CDVTimer][TotalPluginStartup] 2.228975ms
2014-05-27 22:04:52.472 uthinx[26699:70b] Resetting plugins due to page load.
2014-05-27 22:04:52.535 uthinx[26699:70b] Finished load of: file:///Users/zolarichards/Library/Application%20Support/iPhone%20Simulator/7.1/Applications/D40DB9B8-E07F-4FC9-98A4-76A0AE4A5EB1/uthinx.app/www/index.html
2014-05-27 22:07:46.758 uthinx[27856:70b] Multi-tasking -> Device: YES, App: YES
2014-05-27 22:07:46.767 uthinx[27856:70b] Unlimited access to network resources
2014-05-27 22:07:46.792 uthinx[27856:70b] [CDVTimer][file] 2.709031ms
2014-05-27 22:07:46.792 uthinx[27856:70b] [CDVTimer][TotalPluginStartup] 3.340006ms
2014-05-27 22:07:46.883 uthinx[27856:70b] Resetting plugins due to page load.
2014-05-27 22:07:46.939 uthinx[27856:70b] Finished load of: file:///Users/zolarichards/Library/Application%20Support/iPhone%20Simulator/7.1/Applications/D40DB9B8-E07F-4FC9-98A4-76A0AE4A5EB1/uthinx.app/www/index.html
2014-05-27 22:15:21.461 uthinx[29019:70b] Multi-tasking -> Device: YES, App: YES
2014-05-27 22:15:21.471 uthinx[29019:70b] Unlimited access to network resources
2014-05-27 22:15:21.491 uthinx[29019:70b] [CDVTimer][file] 1.602054ms
2014-05-27 22:15:21.491 uthinx[29019:70b] [CDVTimer][TotalPluginStartup] 2.111971ms
2014-05-27 22:15:21.587 uthinx[29019:70b] Resetting plugins due to page load.
2014-05-27 22:15:21.633 uthinx[29019:70b] Finished load of: file:///Users/zolarichards/Library/Application%20Support/iPhone%20Simulator/7.1/Applications/D40DB9B8-E07F-4FC9-98A4-76A0AE4A5EB1/uthinx.app/www/index.html
2014-05-27 22:44:38.245 uthinx[30263:70b] Multi-tasking -> Device: YES, App: YES
2014-05-27 22:44:38.256 uthinx[30263:70b] Unlimited access to network resources
2014-05-27 22:44:38.311 uthinx[30263:70b] [CDVTimer][file] 32.059968ms
2014-05-27 22:44:38.311 uthinx[30263:70b] [CDVTimer][TotalPluginStartup] 32.608032ms
2014-05-27 22:44:38.394 uthinx[30263:70b] Resetting plugins due to page load.
2014-05-27 22:44:38.830 uthinx[30263:70b] Finished load of: file:///Users/zolarichards/Library/Application%20Support/iPhone%20Simulator/7.1/Applications/D40DB9B8-E07F-4FC9-98A4-76A0AE4A5EB1/uthinx.app/www/index.html
2014-05-27 22:52:46.360 uthinx[31435:70b] Multi-tasking -> Device: YES, App: YES
2014-05-27 22:52:46.372 uthinx[31435:70b] Unlimited access to network resources
2014-05-27 22:52:46.408 uthinx[31435:70b] [CDVTimer][file] 9.929001ms
2014-05-27 22:52:46.408 uthinx[31435:70b] [CDVTimer][TotalPluginStartup] 10.513961ms
2014-05-27 22:52:46.499 uthinx[31435:70b] Resetting plugins due to page load.
2014-05-27 22:52:46.721 uthinx[31435:70b] Finished load of: file:///Users/zolarichards/Library/Application%20Support/iPhone%20Simulator/7.1/Applications/D40DB9B8-E07F-4FC9-98A4-76A0AE4A5EB1/uthinx.app/www/index.html
2014-05-27 22:56:33.378 uthinx[32586:70b] Multi-tasking -> Device: YES, App: YES
2014-05-27 22:56:33.387 uthinx[32586:70b] Unlimited access to network resources
2014-05-27 22:56:33.411 uthinx[32586:70b] [CDVTimer][file] 2.472997ms
2014-05-27 22:56:33.411 uthinx[32586:70b] [CDVTimer][TotalPluginStartup] 3.042996ms
2014-05-27 22:56:33.527 uthinx[32586:70b] Resetting plugins due to page load.
2014-05-27 22:56:33.580 uthinx[32586:70b] Finished load of: file:///Users/zolarichards/Library/Application%20Support/iPhone%20Simulator/7.1/Applications/D40DB9B8-E07F-4FC9-98A4-76A0AE4A5EB1/uthinx.app/www/index.html
2014-05-27 22:57:36.564 uthinx[33735:70b] Multi-tasking -> Device: YES, App: YES
2014-05-27 22:57:36.576 uthinx[33735:70b] Unlimited access to network resources
2014-05-27 22:57:36.630 uthinx[33735:70b] [CDVTimer][file] 35.957992ms
2014-05-27 22:57:36.631 uthinx[33735:70b] [CDVTimer][TotalPluginStartup] 36.695004ms
2014-05-27 22:57:36.722 uthinx[33735:70b] Resetting plugins due to page load.
2014-05-27 22:57:36.785 uthinx[33735:70b] Finished load of: file:///Users/zolarichards/Library/Application%20Support/iPhone%20Simulator/7.1/Applications/D40DB9B8-E07F-4FC9-98A4-76A0AE4A5EB1/uthinx.app/www/index.html
2014-05-27 23:18:02.675 uthinx[35246:70b] Multi-tasking -> Device: YES, App: YES
2014-05-27 23:18:02.686 uthinx[35246:70b] Unlimited access to network resources
2014-05-27 23:18:02.710 uthinx[35246:70b] [CDVTimer][file] 1.731992ms
2014-05-27 23:18:02.711 uthinx[35246:70b] [CDVTimer][TotalPluginStartup] 2.242029ms
2014-05-27 23:18:02.811 uthinx[35246:70b] Resetting plugins due to page load.
2014-05-27 23:18:02.891 uthinx[35246:70b] Finished load of: file:///Users/zolarichards/Library/Application%20Support/iPhone%20Simulator/7.1/Applications/D40DB9B8-E07F-4FC9-98A4-76A0AE4A5EB1/uthinx.app/www/index.html
2014-05-28 08:03:31.971 uthinx[37566:70b] Multi-tasking -> Device: YES, App: YES
2014-05-28 08:03:31.981 uthinx[37566:70b] Unlimited access to network resources
2014-05-28 08:03:32.008 uthinx[37566:70b] [CDVTimer][file] 7.762969ms
2014-05-28 08:03:32.008 uthinx[37566:70b] [CDVTimer][TotalPluginStartup] 8.275032ms
2014-05-28 08:03:32.089 uthinx[37566:70b] Resetting plugins due to page load.
2014-05-28 08:03:32.182 uthinx[37566:70b] Finished load of: file:///Users/zolarichards/Library/Application%20Support/iPhone%20Simulator/7.1/Applications/D40DB9B8-E07F-4FC9-98A4-76A0AE4A5EB1/uthinx.app/www/index.html
2014-05-28 08:07:27.531 uthinx[38788:70b] Multi-tasking -> Device: YES, App: YES
2014-05-28 08:07:27.543 uthinx[38788:70b] Unlimited access to network resources
2014-05-28 08:07:27.731 uthinx[38788:70b] [CDVTimer][file] 2.604008ms
2014-05-28 08:07:27.732 uthinx[38788:70b] [CDVTimer][TotalPluginStartup] 3.189981ms
2014-05-28 08:07:27.848 uthinx[38788:70b] Resetting plugins due to page load.
2014-05-28 08:07:27.910 uthinx[38788:70b] Finished load of: file:///Users/zolarichards/Library/Application%20Support/iPhone%20Simulator/7.1/Applications/D40DB9B8-E07F-4FC9-98A4-76A0AE4A5EB1/uthinx.app/www/index.html
2014-05-30 20:23:27.782 uthinx[42786:70b] Multi-tasking -> Device: YES, App: YES
2014-05-30 20:23:28.043 uthinx[42786:70b] Unlimited access to network resources
2014-05-30 20:23:29.580 uthinx[42786:70b] [CDVTimer][file] 10.465026ms
2014-05-30 20:23:29.580 uthinx[42786:70b] [CDVTimer][TotalPluginStartup] 11.108994ms
2014-05-30 20:23:30.122 uthinx[42786:70b] Resetting plugins due to page load.
2014-05-30 20:23:30.966 uthinx[42786:70b] Finished load of: file:///Users/zolarichards/Library/Application%20Support/iPhone%20Simulator/7.1/Applications/D40DB9B8-E07F-4FC9-98A4-76A0AE4A5EB1/uthinx.app/www/index.html
